[debug] [2024-11-09T04:46:18.121Z] ----------------------------------------------------------------------
[debug] [2024-11-09T04:46:18.124Z] Command:       C:\Program Files\nodejs\node.exe C:\Program Files\nodejs\node_modules\firebase-tools\lib\bin\firebase.js init
[debug] [2024-11-09T04:46:18.124Z] CLI Version:   13.23.0
[debug] [2024-11-09T04:46:18.125Z] Platform:      win32
[debug] [2024-11-09T04:46:18.125Z] Node Version:  v22.9.0
[debug] [2024-11-09T04:46:18.125Z] Time:          Sat Nov 09 2024 11:46:18 GMT+0700 (Indochina Time)
[debug] [2024-11-09T04:46:18.125Z] ----------------------------------------------------------------------
[debug] 
[debug] [2024-11-09T04:46:18.226Z] > command requires scopes: ["email","openid","https://www.googleapis.com/auth/cloudplatformprojects.readonly","https://www.googleapis.com/auth/firebase","https://www.googleapis.com/auth/cloud-platform"]
[debug] [2024-11-09T04:46:18.226Z] > authorizing via signed-in user (nguyenvansy1992job02@gmail.com)
[info] 
     ######## #### ########  ######## ########     ###     ######  ########
     ##        ##  ##     ## ##       ##     ##  ##   ##  ##       ##
     ######    ##  ########  ######   ########  #########  ######  ######
     ##        ##  ##    ##  ##       ##     ## ##     ##       ## ##
     ##       #### ##     ## ######## ########  ##     ##  ######  ########

You're about to initialize a Firebase project in this directory:

  G:\BaoCao\Report for Pom2 SRM

Before we get started, keep in mind:

  * You are initializing within an existing Firebase project directory

